<?xml version="1.0" encoding="UTF-8"?>
<!-- Generated by org.testng.reporters.JUnitReportReporter -->
<testsuite hostname="LAPTOP-93I518HV" failures="0" tests="1" name="driverFactory.AppTest" time="83.810" errors="0" timestamp="2024-02-13T10:28:57 IST" skipped="0">
  <testcase classname="driverFactory.AppTest" name="startTest" time="83.810">
    <system-out>
      <![CDATA[No of row::9
Valid Username and Valid Password::dashboard---http://webapp.qedgetech.com/dashboard.php
Incorrect user ID or password---dashboard---http://webapp.qedgetech.com/login.php
Valid Username and Valid Password::dashboard---http://webapp.qedgetech.com/dashboard.php
Incorrect user ID or password---dashboard---http://webapp.qedgetech.com/login.php
Valid Username and Valid Password::dashboard---http://webapp.qedgetech.com/dashboard.php
Incorrect user ID or password---dashboard---http://webapp.qedgetech.com/login.php
Valid Username and Valid Password::dashboard---http://webapp.qedgetech.com/dashboard.php
Valid Username and Valid Password::dashboard---http://webapp.qedgetech.com/dashboard.php
Valid Username and Valid Password::dashboard---http://webapp.qedgetech.com/dashboard.php]]>
    </system-out>
  </testcase> <!-- startTest -->
  <system-out>
    <![CDATA[No of row::9
Valid Username and Valid Password::dashboard---http://webapp.qedgetech.com/dashboard.php
Incorrect user ID or password---dashboard---http://webapp.qedgetech.com/login.php
Valid Username and Valid Password::dashboard---http://webapp.qedgetech.com/dashboard.php
Incorrect user ID or password---dashboard---http://webapp.qedgetech.com/login.php
Valid Username and Valid Password::dashboard---http://webapp.qedgetech.com/dashboard.php
Incorrect user ID or password---dashboard---http://webapp.qedgetech.com/login.php
Valid Username and Valid Password::dashboard---http://webapp.qedgetech.com/dashboard.php
Valid Username and Valid Password::dashboard---http://webapp.qedgetech.com/dashboard.php
Valid Username and Valid Password::dashboard---http://webapp.qedgetech.com/dashboard.php
No of rows are::8]]>
  </system-out>
</testsuite> <!-- driverFactory.AppTest -->
